<?xml version="1.0" ?>
<coverage version="7.13.2" timestamp="1770121245490" lines-valid="469" lines-covered="168" line-rate="0.3582" branches-valid="106" branches-covered="12" branch-rate="0.1132" complexity="0">
	<!-- Generated by coverage.py: https://coverage.readthedocs.io/en/7.13.2 -->
	<!-- Based on https://raw.githubusercontent.com/cobertura/web/master/htdocs/xml/coverage-04.dtd -->
	<sources>
		<source>/home/tom/Dev/work/apps/monitoring-hub/core</source>
	</sources>
	<packages>
		<package name="." line-rate="0" branch-rate="0" complexity="0">
			<classes>
				<class name="render_test.py" filename="render_test.py" complexity="0" line-rate="0" branch-rate="0">
					<methods/>
					<lines>
						<line number="1" hits="0"/>
						<line number="2" hits="0"/>
						<line number="4" hits="0"/>
						<line number="6" hits="0"/>
						<line number="921" hits="0"/>
						<line number="924" hits="0"/>
						<line number="925" hits="0"/>
						<line number="928" hits="0"/>
						<line number="929" hits="0"/>
						<line number="931" hits="0"/>
						<line number="932" hits="0"/>
						<line number="933" hits="0"/>
						<line number="935" hits="0"/>
						<line number="943" hits="0"/>
						<line number="944" hits="0"/>
						<line number="945" hits="0"/>
						<line number="947" hits="0" branch="true" condition-coverage="0% (0/2)" missing-branches="exit,948"/>
						<line number="948" hits="0"/>
						<line number="949" hits="0"/>
					</lines>
				</class>
			</classes>
		</package>
		<package name="config" line-rate="0.2703" branch-rate="0" complexity="0">
			<classes>
				<class name="logging.py" filename="config/logging.py" complexity="0" line-rate="0" branch-rate="0">
					<methods/>
					<lines>
						<line number="7" hits="0"/>
						<line number="8" hits="0"/>
						<line number="9" hits="0"/>
						<line number="12" hits="0"/>
						<line number="16" hits="0"/>
						<line number="25" hits="0"/>
						<line number="28" hits="0" branch="true" condition-coverage="0% (0/2)" missing-branches="29,33"/>
						<line number="29" hits="0"/>
						<line number="30" hits="0" branch="true" condition-coverage="0% (0/2)" missing-branches="31,33"/>
						<line number="31" hits="0"/>
						<line number="33" hits="0"/>
						<line number="36" hits="0"/>
						<line number="54" hits="0" branch="true" condition-coverage="0% (0/2)" missing-branches="55,58"/>
						<line number="55" hits="0"/>
						<line number="58" hits="0"/>
						<line number="59" hits="0" branch="true" condition-coverage="0% (0/2)" missing-branches="60,63"/>
						<line number="60" hits="0"/>
						<line number="63" hits="0"/>
						<line number="64" hits="0"/>
						<line number="68" hits="0" branch="true" condition-coverage="0% (0/2)" missing-branches="69,71"/>
						<line number="69" hits="0"/>
						<line number="71" hits="0"/>
						<line number="73" hits="0"/>
						<line number="76" hits="0"/>
						<line number="77" hits="0"/>
						<line number="80" hits="0"/>
						<line number="94" hits="0"/>
					</lines>
				</class>
				<class name="settings.py" filename="config/settings.py" complexity="0" line-rate="1" branch-rate="1">
					<methods/>
					<lines>
						<line number="4" hits="1"/>
						<line number="7" hits="1"/>
						<line number="10" hits="1"/>
						<line number="13" hits="1"/>
						<line number="14" hits="1"/>
						<line number="17" hits="1"/>
						<line number="18" hits="1"/>
						<line number="19" hits="1"/>
						<line number="23" hits="1"/>
						<line number="25" hits="1"/>
					</lines>
				</class>
			</classes>
		</package>
		<package name="engine" line-rate="0.3826" branch-rate="0.1277" complexity="0">
			<classes>
				<class name="builder.py" filename="engine/builder.py" complexity="0" line-rate="0.3841" branch-rate="0.09524">
					<methods/>
					<lines>
						<line number="1" hits="1"/>
						<line number="2" hits="1"/>
						<line number="3" hits="1"/>
						<line number="4" hits="1"/>
						<line number="6" hits="1"/>
						<line number="7" hits="1"/>
						<line number="8" hits="1"/>
						<line number="9" hits="1"/>
						<line number="10" hits="1"/>
						<line number="12" hits="1"/>
						<line number="13" hits="1"/>
						<line number="16" hits="1"/>
						<line number="21" hits="1"/>
						<line number="22" hits="1"/>
						<line number="24" hits="1"/>
						<line number="25" hits="1"/>
						<line number="26" hits="1"/>
						<line number="27" hits="1"/>
						<line number="28" hits="1"/>
						<line number="29" hits="1"/>
						<line number="32" hits="1"/>
						<line number="42" hits="1"/>
						<line number="43" hits="1"/>
						<line number="44" hits="1"/>
						<line number="45" hits="1"/>
						<line number="46" hits="1"/>
						<line number="50" hits="1"/>
						<line number="53" hits="1" branch="true" condition-coverage="50% (1/2)" missing-branches="55"/>
						<line number="55" hits="0"/>
						<line number="64" hits="1"/>
						<line number="65" hits="1"/>
						<line number="67" hits="1"/>
						<line number="69" hits="1"/>
						<line number="70" hits="1"/>
						<line number="73" hits="1"/>
						<line number="74" hits="1"/>
						<line number="76" hits="1"/>
						<line number="77" hits="1"/>
						<line number="78" hits="0"/>
						<line number="79" hits="0"/>
						<line number="80" hits="0" branch="true" condition-coverage="0% (0/2)" missing-branches="81,84"/>
						<line number="81" hits="0"/>
						<line number="84" hits="0" branch="true" condition-coverage="0% (0/2)" missing-branches="85,95"/>
						<line number="85" hits="0"/>
						<line number="86" hits="0"/>
						<line number="87" hits="0"/>
						<line number="88" hits="0"/>
						<line number="89" hits="0"/>
						<line number="90" hits="0"/>
						<line number="91" hits="0"/>
						<line number="95" hits="0"/>
						<line number="97" hits="0"/>
						<line number="98" hits="0"/>
						<line number="99" hits="0"/>
						<line number="100" hits="0" branch="true" condition-coverage="0% (0/2)" missing-branches="101,128"/>
						<line number="101" hits="0"/>
						<line number="103" hits="0" branch="true" condition-coverage="0% (0/2)" missing-branches="104,108"/>
						<line number="104" hits="0" branch="true" condition-coverage="0% (0/2)" missing-branches="103,105"/>
						<line number="105" hits="0"/>
						<line number="106" hits="0"/>
						<line number="108" hits="0" branch="true" condition-coverage="0% (0/2)" missing-branches="110,125"/>
						<line number="110" hits="0"/>
						<line number="111" hits="0"/>
						<line number="112" hits="0"/>
						<line number="114" hits="0" branch="true" condition-coverage="0% (0/2)" missing-branches="115,117"/>
						<line number="115" hits="0"/>
						<line number="117" hits="0"/>
						<line number="118" hits="0" branch="true" condition-coverage="0% (0/2)" missing-branches="119,121"/>
						<line number="119" hits="0"/>
						<line number="121" hits="0"/>
						<line number="122" hits="0"/>
						<line number="123" hits="0"/>
						<line number="125" hits="0"/>
						<line number="128" hits="0" branch="true" condition-coverage="0% (0/2)" missing-branches="129,133"/>
						<line number="129" hits="0"/>
						<line number="130" hits="0" branch="true" condition-coverage="0% (0/2)" missing-branches="128,131"/>
						<line number="131" hits="0"/>
						<line number="133" hits="0" branch="true" condition-coverage="0% (0/2)" missing-branches="134,141"/>
						<line number="134" hits="0"/>
						<line number="135" hits="0"/>
						<line number="137" hits="1"/>
						<line number="138" hits="1"/>
						<line number="139" hits="1"/>
						<line number="141" hits="1" branch="true" condition-coverage="50% (1/2)" missing-branches="142"/>
						<line number="142" hits="0"/>
						<line number="145" hits="1"/>
						<line number="149" hits="1"/>
						<line number="150" hits="1" branch="true" condition-coverage="100% (2/2)"/>
						<line number="151" hits="1"/>
						<line number="152" hits="1"/>
						<line number="153" hits="1"/>
						<line number="154" hits="1"/>
						<line number="155" hits="1"/>
						<line number="156" hits="1"/>
						<line number="157" hits="1"/>
						<line number="158" hits="1"/>
						<line number="159" hits="1"/>
						<line number="160" hits="0"/>
						<line number="161" hits="0"/>
						<line number="164" hits="1"/>
						<line number="165" hits="1"/>
						<line number="166" hits="1"/>
						<line number="167" hits="1"/>
						<line number="168" hits="1"/>
						<line number="169" hits="0"/>
						<line number="171" hits="0"/>
						<line number="172" hits="0"/>
						<line number="173" hits="0"/>
						<line number="174" hits="0"/>
						<line number="177" hits="0"/>
						<line number="178" hits="0"/>
						<line number="180" hits="0"/>
						<line number="183" hits="0"/>
						<line number="184" hits="0"/>
						<line number="188" hits="0"/>
						<line number="191" hits="0"/>
						<line number="192" hits="0" branch="true" condition-coverage="0% (0/2)" missing-branches="194,223"/>
						<line number="194" hits="0" branch="true" condition-coverage="0% (0/2)" missing-branches="195,211"/>
						<line number="195" hits="0"/>
						<line number="196" hits="0"/>
						<line number="197" hits="0"/>
						<line number="199" hits="0"/>
						<line number="201" hits="0" branch="true" condition-coverage="0% (0/2)" missing-branches="202,203"/>
						<line number="202" hits="0"/>
						<line number="203" hits="0" branch="true" condition-coverage="0% (0/2)" missing-branches="204,207"/>
						<line number="204" hits="0" branch="true" condition-coverage="0% (0/2)" missing-branches="205,209"/>
						<line number="205" hits="0"/>
						<line number="207" hits="0"/>
						<line number="209" hits="0"/>
						<line number="211" hits="0"/>
						<line number="212" hits="0"/>
						<line number="213" hits="0"/>
						<line number="214" hits="0"/>
						<line number="215" hits="0"/>
						<line number="217" hits="0"/>
						<line number="218" hits="0"/>
						<line number="219" hits="0"/>
						<line number="220" hits="0"/>
						<line number="223" hits="0" branch="true" condition-coverage="0% (0/2)" missing-branches="exit,224"/>
						<line number="224" hits="0"/>
						<line number="225" hits="0"/>
						<line number="226" hits="0"/>
						<line number="227" hits="0"/>
						<line number="229" hits="0"/>
						<line number="230" hits="0"/>
						<line number="231" hits="0"/>
						<line number="232" hits="0"/>
						<line number="234" hits="0"/>
						<line number="235" hits="0" branch="true" condition-coverage="0% (0/2)" missing-branches="236,237"/>
						<line number="236" hits="0"/>
						<line number="237" hits="0"/>
					</lines>
				</class>
				<class name="builder_logging_example.py" filename="engine/builder_logging_example.py" complexity="0" line-rate="0" branch-rate="1">
					<methods/>
					<lines>
						<line number="8" hits="0"/>
						<line number="11" hits="0"/>
						<line number="14" hits="0"/>
						<line number="17" hits="0"/>
						<line number="19" hits="0"/>
						<line number="21" hits="0"/>
						<line number="22" hits="0"/>
						<line number="24" hits="0"/>
						<line number="27" hits="0"/>
						<line number="30" hits="0"/>
					</lines>
				</class>
				<class name="schema.py" filename="engine/schema.py" complexity="0" line-rate="1" branch-rate="1">
					<methods/>
					<lines>
						<line number="1" hits="1"/>
						<line number="3" hits="1"/>
						<line number="6" hits="1"/>
						<line number="7" hits="1"/>
						<line number="8" hits="1"/>
						<line number="9" hits="1"/>
						<line number="10" hits="1"/>
						<line number="13" hits="1"/>
						<line number="14" hits="1"/>
						<line number="15" hits="1"/>
						<line number="16" hits="1"/>
						<line number="17" hits="1"/>
						<line number="20" hits="1"/>
						<line number="21" hits="1"/>
						<line number="22" hits="1"/>
						<line number="23" hits="1"/>
						<line number="24" hits="1"/>
						<line number="25" hits="1"/>
						<line number="28" hits="1"/>
						<line number="29" hits="1"/>
						<line number="30" hits="1"/>
						<line number="31" hits="1"/>
						<line number="32" hits="1"/>
						<line number="33" hits="1"/>
						<line number="34" hits="1"/>
						<line number="35" hits="1"/>
						<line number="36" hits="1"/>
						<line number="37" hits="1"/>
						<line number="40" hits="1"/>
						<line number="41" hits="1"/>
						<line number="42" hits="1"/>
						<line number="43" hits="1"/>
						<line number="44" hits="1"/>
						<line number="47" hits="1"/>
						<line number="48" hits="1"/>
						<line number="49" hits="1"/>
						<line number="50" hits="1"/>
						<line number="51" hits="1"/>
						<line number="52" hits="1"/>
						<line number="55" hits="1"/>
						<line number="56" hits="1"/>
						<line number="57" hits="1"/>
						<line number="58" hits="1"/>
						<line number="59" hits="1"/>
						<line number="64" hits="1"/>
						<line number="65" hits="1"/>
						<line number="66" hits="1"/>
						<line number="69" hits="1"/>
						<line number="70" hits="1"/>
						<line number="71" hits="1"/>
						<line number="72" hits="1"/>
						<line number="73" hits="1"/>
						<line number="74" hits="1"/>
						<line number="77" hits="1"/>
						<line number="78" hits="1"/>
						<line number="79" hits="1"/>
						<line number="82" hits="1"/>
						<line number="83" hits="1"/>
						<line number="84" hits="1"/>
						<line number="85" hits="1"/>
						<line number="86" hits="1"/>
						<line number="87" hits="1"/>
						<line number="88" hits="1"/>
						<line number="89" hits="1"/>
						<line number="90" hits="1"/>
						<line number="91" hits="1"/>
					</lines>
				</class>
				<class name="site_generator.py" filename="engine/site_generator.py" complexity="0" line-rate="0" branch-rate="0">
					<methods/>
					<lines>
						<line number="1" hits="0"/>
						<line number="2" hits="0"/>
						<line number="4" hits="0"/>
						<line number="5" hits="0"/>
						<line number="6" hits="0"/>
						<line number="8" hits="0"/>
						<line number="17" hits="0"/>
						<line number="18" hits="0"/>
						<line number="19" hits="0"/>
						<line number="20" hits="0"/>
						<line number="24" hits="0"/>
						<line number="25" hits="0"/>
						<line number="27" hits="0" branch="true" condition-coverage="0% (0/2)" missing-branches="28,91"/>
						<line number="28" hits="0"/>
						<line number="29" hits="0"/>
						<line number="30" hits="0"/>
						<line number="32" hits="0"/>
						<line number="35" hits="0"/>
						<line number="36" hits="0" branch="true" condition-coverage="0% (0/2)" missing-branches="37,40"/>
						<line number="37" hits="0"/>
						<line number="38" hits="0"/>
						<line number="40" hits="0"/>
						<line number="42" hits="0"/>
						<line number="43" hits="0"/>
						<line number="45" hits="0" branch="true" condition-coverage="0% (0/2)" missing-branches="46,65"/>
						<line number="46" hits="0"/>
						<line number="47" hits="0" branch="true" condition-coverage="0% (0/2)" missing-branches="45,48"/>
						<line number="48" hits="0"/>
						<line number="51" hits="0"/>
						<line number="52" hits="0"/>
						<line number="54" hits="0" branch="true" condition-coverage="0% (0/2)" missing-branches="55,59"/>
						<line number="55" hits="0"/>
						<line number="59" hits="0" branch="true" condition-coverage="0% (0/2)" missing-branches="60,62"/>
						<line number="60" hits="0"/>
						<line number="62" hits="0"/>
						<line number="65" hits="0"/>
						<line number="66" hits="0" branch="true" condition-coverage="0% (0/2)" missing-branches="68,79"/>
						<line number="68" hits="0"/>
						<line number="69" hits="0"/>
						<line number="77" hits="0"/>
						<line number="79" hits="0"/>
						<line number="81" hits="0"/>
						<line number="87" hits="0"/>
						<line number="88" hits="0"/>
						<line number="89" hits="0"/>
						<line number="91" hits="0"/>
						<line number="94" hits="0"/>
						<line number="97" hits="0"/>
						<line number="99" hits="0"/>
						<line number="100" hits="0"/>
						<line number="102" hits="0"/>
						<line number="105" hits="0"/>
						<line number="106" hits="0"/>
						<line number="114" hits="0"/>
						<line number="115" hits="0"/>
						<line number="116" hits="0"/>
						<line number="119" hits="0"/>
						<line number="121" hits="0"/>
						<line number="122" hits="0"/>
						<line number="123" hits="0"/>
						<line number="124" hits="0"/>
					</lines>
				</class>
				<class name="state_manager.py" filename="engine/state_manager.py" complexity="0" line-rate="0.5484" branch-rate="0.4">
					<methods/>
					<lines>
						<line number="1" hits="1"/>
						<line number="2" hits="1"/>
						<line number="3" hits="1"/>
						<line number="5" hits="1"/>
						<line number="6" hits="1"/>
						<line number="8" hits="1"/>
						<line number="11" hits="1"/>
						<line number="16" hits="1"/>
						<line number="17" hits="1"/>
						<line number="18" hits="1"/>
						<line number="19" hits="1" branch="true" condition-coverage="100% (2/2)"/>
						<line number="20" hits="1"/>
						<line number="22" hits="1"/>
						<line number="24" hits="1"/>
						<line number="28" hits="1"/>
						<line number="29" hits="1"/>
						<line number="30" hits="1"/>
						<line number="33" hits="1"/>
						<line number="36" hits="1"/>
						<line number="40" hits="1"/>
						<line number="41" hits="1" branch="true" condition-coverage="100% (2/2)"/>
						<line number="42" hits="1"/>
						<line number="44" hits="1" branch="true" condition-coverage="100% (2/2)"/>
						<line number="45" hits="1"/>
						<line number="46" hits="1" branch="true" condition-coverage="100% (2/2)"/>
						<line number="47" hits="1"/>
						<line number="48" hits="1"/>
						<line number="49" hits="1"/>
						<line number="51" hits="1"/>
						<line number="52" hits="1"/>
						<line number="53" hits="1"/>
						<line number="54" hits="1"/>
						<line number="55" hits="1"/>
						<line number="58" hits="1"/>
						<line number="60" hits="0"/>
						<line number="61" hits="0"/>
						<line number="63" hits="0"/>
						<line number="65" hits="0"/>
						<line number="66" hits="0"/>
						<line number="68" hits="0"/>
						<line number="70" hits="0"/>
						<line number="71" hits="0" branch="true" condition-coverage="0% (0/2)" missing-branches="72,96"/>
						<line number="72" hits="0" branch="true" condition-coverage="0% (0/2)" missing-branches="73,75"/>
						<line number="73" hits="0"/>
						<line number="75" hits="0"/>
						<line number="77" hits="0" branch="true" condition-coverage="0% (0/2)" missing-branches="78,82"/>
						<line number="78" hits="0"/>
						<line number="79" hits="0"/>
						<line number="80" hits="0"/>
						<line number="82" hits="0" branch="true" condition-coverage="0% (0/2)" missing-branches="83,85"/>
						<line number="83" hits="0"/>
						<line number="84" hits="0"/>
						<line number="85" hits="0" branch="true" condition-coverage="0% (0/2)" missing-branches="86,92"/>
						<line number="86" hits="0"/>
						<line number="90" hits="0"/>
						<line number="92" hits="0"/>
						<line number="96" hits="0"/>
						<line number="99" hits="0" branch="true" condition-coverage="0% (0/2)" missing-branches="100,106"/>
						<line number="100" hits="0"/>
						<line number="101" hits="0"/>
						<line number="103" hits="0"/>
						<line number="106" hits="0"/>
					</lines>
				</class>
				<class name="watcher.py" filename="engine/watcher.py" complexity="0" line-rate="0" branch-rate="0">
					<methods/>
					<lines>
						<line number="1" hits="0"/>
						<line number="3" hits="0"/>
						<line number="4" hits="0"/>
						<line number="5" hits="0"/>
						<line number="6" hits="0"/>
						<line number="8" hits="0"/>
						<line number="11" hits="0"/>
						<line number="12" hits="0"/>
						<line number="13" hits="0"/>
						<line number="14" hits="0"/>
						<line number="17" hits="0"/>
						<line number="19" hits="0" branch="true" condition-coverage="0% (0/2)" missing-branches="20,21"/>
						<line number="20" hits="0"/>
						<line number="21" hits="0"/>
						<line number="22" hits="0"/>
						<line number="25" hits="0"/>
						<line number="26" hits="0"/>
						<line number="27" hits="0" branch="true" condition-coverage="0% (0/2)" missing-branches="28,30"/>
						<line number="28" hits="0"/>
						<line number="30" hits="0"/>
						<line number="31" hits="0"/>
						<line number="32" hits="0"/>
						<line number="33" hits="0"/>
						<line number="34" hits="0"/>
						<line number="35" hits="0"/>
						<line number="36" hits="0"/>
						<line number="37" hits="0"/>
						<line number="38" hits="0"/>
						<line number="41" hits="0"/>
						<line number="42" hits="0"/>
						<line number="43" hits="0"/>
						<line number="44" hits="0"/>
						<line number="48" hits="0"/>
						<line number="49" hits="0"/>
						<line number="51" hits="0" branch="true" condition-coverage="0% (0/2)" missing-branches="52,87"/>
						<line number="52" hits="0"/>
						<line number="53" hits="0"/>
						<line number="54" hits="0"/>
						<line number="55" hits="0"/>
						<line number="56" hits="0"/>
						<line number="58" hits="0" branch="true" condition-coverage="0% (0/2)" missing-branches="59,61"/>
						<line number="59" hits="0"/>
						<line number="61" hits="0"/>
						<line number="62" hits="0"/>
						<line number="64" hits="0"/>
						<line number="65" hits="0" branch="true" condition-coverage="0% (0/2)" missing-branches="66,69"/>
						<line number="66" hits="0"/>
						<line number="69" hits="0" branch="true" condition-coverage="0% (0/2)" missing-branches="70,82"/>
						<line number="70" hits="0"/>
						<line number="74" hits="0"/>
						<line number="76" hits="0" branch="true" condition-coverage="0% (0/2)" missing-branches="51,77"/>
						<line number="77" hits="0"/>
						<line number="78" hits="0"/>
						<line number="79" hits="0"/>
						<line number="80" hits="0"/>
						<line number="82" hits="0"/>
						<line number="84" hits="0"/>
						<line number="85" hits="0"/>
						<line number="87" hits="0" branch="true" condition-coverage="0% (0/2)" missing-branches="88,89"/>
						<line number="88" hits="0"/>
						<line number="89" hits="0" branch="true" condition-coverage="0% (0/2)" missing-branches="90,92"/>
						<line number="90" hits="0"/>
						<line number="92" hits="0"/>
					</lines>
				</class>
			</classes>
		</package>
	</packages>
</coverage>
